2026-05-12 15:26:37,359 [INFO] Model and scaler loaded from model.pth and scaler.pkl
Loaded: legit_temp_20260512_200502.csv
Loaded: legit_temp_20260512_195542.csv
Loaded: legit_temp_20260512_195650.csv
Loaded: legit_temp_20260512_200444.csv
Loaded: legit_temp_20260512_195454.csv
Loaded: legit_temp_20260512_195629.csv
Loaded: legit_temp_20260512_195158.csv
Loaded: legit_temp_20260512_195606.csv
Loaded: LEGIT#l13_Zahdhd6_20260330-075753.csv
Loaded: legit_temp_20260512_195510.csv
Loaded: legit_temp_20260512_200435.csv
Loaded: legit_temp_20260512_195516.csv
Loaded: legit_temp_20260512_195555.csv
Loaded: legit_temp_20260512_200555.csv
Loaded: CHEAT#venusadvence_Zahdhd6_20260327-133548.csv
Loaded: legit_temp_20260512_200609.csv
Loaded: legit_temp_20260512_195513.csv
Loaded: legit_temp_20260512_200544.csv
Loaded: legit_temp_20260512_195611.csv
Loaded: legit_temp_20260512_200614.csv
Loaded: legit_temp_20260512_195459.csv
Loaded: legit_temp_20260512_195637.csv
Loaded: legit_temp_20260512_195705.csv
Loaded: CHEAT#venus5_Zahdhd6_20260317-184931.csv
Loaded: legit_temp_20260512_195506.csv
Loaded: legit_temp_20260512_195626.csv
Loaded: legit_temp_20260512_195500.csv
Loaded: legit_temp_20260512_195608.csv
Loaded: LEGIT#l22_Zahdhd6_20260331-103527.csv
Loaded: legit_temp_20260512_195457.csv
Loaded: legit_temp_20260512_195533.csv
Loaded: legit_temp_20260512_195202.csv
Loaded: legit_temp_20260512_195453.csv
Loaded: legit_temp_20260512_200552.csv
Loaded: legit_temp_20260512_200449.csv
Loaded: legit_temp_20260512_200542.csv
Loaded: legit_temp_20260512_200515.csv
Loaded: LEGIT#l14_Zahdhd6_20260330-091334.csv
Loaded: legit_temp_20260512_200456.csv
Loaded: legit_temp_20260512_200501.csv
Loaded: legit_temp_20260512_195706.csv
Loaded: legit_temp_20260512_200607.csv
Loaded: legit_temp_20260512_200448.csv
Loaded: legit_temp_20260512_195536.csv
Loaded: legit_temp_20260512_200503.csv
Loaded: legit_temp_20260512_195458.csv
Loaded: LEGITl1_Zahdhd6_20260315-104837.csv
Loaded: legit_temp_20260512_200529.csv
Loaded: legit_temp_20260512_200615.csv
Loaded: legit_temp_20260512_195203.csv
Loaded: legit_temp_20260512_200539.csv
Loaded: legit_temp_20260512_195525.csv
Loaded: LEGIT#l40_Zahdhd6_20260406-161137.csv
Loaded: legit_temp_20260512_200431.csv
Loaded: LEGIT#40l_gertyu122_20260406-153615.csv
Loaded: legit_temp_20260512_195548.csv
Loaded: CHEAT#HarukaNeiroSpark_Zahdhd6_20260331-140057.csv
Loaded: legit_temp_20260512_200500.csv
Loaded: legit_temp_20260512_195554.csv
Loaded: CHEAT#venusSpookyTime_Zahdhd6_20260331-111327.csv
Loaded: legit_temp_20260512_200610.csv
Loaded: legit_temp_20260512_200548.csv
Loaded: legit_temp_20260512_195644.csv
Loaded: legit_temp_20260512_195600.csv
Loaded: legit_temp_20260512_195512.csv
Loaded: LEGIT#l13_Zahdhd6_20260330-075911.csv
Loaded: legit_temp_20260512_195537.csv
Loaded: legit_temp_20260512_195502.csv
Loaded: legit_temp_20260512_200523.csv
Loaded: legit_temp_20260512_195455.csv
Loaded: legit_temp_20260512_195645.csv
Loaded: legit_temp_20260512_195616.csv
Loaded: legit_temp_20260512_200441.csv
Loaded: legit_temp_20260512_195646.csv
Loaded: legit_temp_20260512_200457.csv
Loaded: legit_temp_20260512_195605.csv
Loaded: LEGIT#l11_Zahdhd6_20260328-181655.csv
Loaded: legit_temp_20260512_195200.csv
Loaded: legit_temp_20260512_195700.csv
Loaded: legit_temp_20260512_200445.csv
Loaded: LEGIT#l16_gertyu122_20260330-140505.csv
Loaded: legit_temp_20260512_200530.csv
Loaded: legit_temp_20260512_195709.csv
Loaded: legit_temp_20260512_200532.csv
Loaded: legit_temp_20260512_200454.csv
Loaded: legit_temp_20260512_200524.csv
Loaded: CHEAT#venusSpookyTime_Zahdhd6_20260331-110643.csv
Loaded: legit_temp_20260512_195615.csv
Loaded: legit_temp_20260512_200608.csv
Loaded: LEGIT#l12_Zahdhd6_20260329-222920.csv
Loaded: LEGIT#legit_Zahdhd6_20260331-110300.csv
Loaded: legit_temp_20260512_195653.csv
Loaded: legit_temp_20260512_200433.csv
Loaded: CHEAT#venusSpookyTime-HolyWorld_Zahdhd6_20260401-092407.csv
Loaded: LEGIT#l23_kill0001_20260330-202218.csv
Loaded: legit_temp_20260512_195628.csv
Loaded: legit_temp_20260512_195529.csv
Loaded: LEGIT#l11_Zahdhd6_20260328-110909.csv
Loaded: legit_temp_20260512_200432.csv
Loaded: LEGIT#l25_Zahdhd6_20260330-211840.csv
Loaded: legit_temp_20260512_195614.csv
Loaded: CHEAT#venus3_Zahdhd6_20260317-112254.csv
Loaded: legit_temp_20260512_195701.csv
Loaded: legit_temp_20260512_200505.csv
Loaded: legit_temp_20260512_200510.csv
Loaded: CHEAT#venus2_Zahdhd6_20260316-195433.csv
Loaded: legit_temp_20260512_195549.csv
Loaded: legit_temp_20260512_195550.csv
Loaded: CHEAT#venusFuntime_Zahdhd6_20260327-191003.csv
Loaded: CHEAT#harukaspookytime_Zahdhd6_20260327-152304.csv
Loaded: legit_temp_20260512_200531.csv
Loaded: LEGIT#l17_Denis_Popa_20260330-155832.csv
Loaded: legit_temp_20260512_200447.csv
Loaded: CHEAT#venusSpookytime-HolyWorld_Zahdhd6_20260330-163324.csv
Loaded: legit_temp_20260512_200616.csv
Loaded: legit_temp_20260512_200519.csv
Loaded: LEGIT#l24_kill0001_20260330-202632.csv
Loaded: legit_temp_20260512_195532.csv
Loaded: legit_temp_20260512_200521.csv
Loaded: legit_temp_20260512_195559.csv
Loaded: legit_temp_20260512_195627.csv
Loaded: legit_temp_20260512_195631.csv
Loaded: LEGIT#l15_Zahdhd6_20260330-140348.csv
Loaded: legit_temp_20260512_195704.csv
Loaded: legit_temp_20260512_195639.csv
Loaded: legit_temp_20260512_195642.csv
Loaded: legit_temp_20260512_195511.csv
Loaded: legit_temp_20260512_195632.csv
Loaded: LEGIT#l11_Zahdhd6_20260328-110958.csv
Loaded: legit_temp_20260512_200453.csv
Loaded: LEGIT#l20_Zahdhd6_20260330-184510.csv
Loaded: legit_temp_20260512_195707.csv
Loaded: legit_temp_20260512_195658.csv
Loaded: CHEAT#venusSpookyTime_Zahdhd6_20260331-111817.csv
Loaded: legit_temp_20260512_195545.csv
Loaded: legit_temp_20260512_200601.csv
Loaded: LEGIT#40l_Mi333_20260406-153621.csv
Loaded: CHEAT#HarukaHollyWorld_Zahdhd6_20260331-142001.csv
Loaded: legit_temp_20260512_195543.csv
Loaded: legit_temp_20260512_200526.csv
Loaded: LEGIT#l5_Zahdhd6_20260318-172819.csv
Loaded: legit_temp_20260512_195638.csv
Loaded: CHEAT#celestialmatrix_xQen3Ly_20260401-103917.csv
Loaded: legit_temp_20260512_195515.csv
Loaded: legit_temp_20260512_195527.csv
Loaded: legit_temp_20260512_200508.csv
Loaded: LEGIT#l17_gertyu122_20260330-155842.csv
Loaded: LEGIT#l13_Zahdhd6_20260330-074226.csv
Loaded: CHEAT#NightDLCSloth_Zahdhd6_20260328-084605.csv
Loaded: legit_temp_20260512_200546.csv
Loaded: legit_temp_20260512_195505.csv
Loaded: legit_temp_20260512_195154.csv
Loaded: legit_temp_20260512_195622.csv
Loaded: CHEAT#HarukaNeirocrime_Zahdhd6_20260331-134916.csv
Loaded: legit_temp_20260512_195624.csv
Loaded: legit_temp_20260512_200438.csv
Loaded: legit_temp_20260512_200545.csv
Loaded: legit_temp_20260512_195630.csv
Loaded: legit_temp_20260512_195451.csv
Loaded: legit_temp_20260512_195503.csv
Loaded: legit_temp_20260512_200612.csv
Loaded: legit_temp_20260512_195655.csv
Loaded: CHEAT#Nursultancrack_Zahdhd6_20260410-163100.csv
Loaded: legit_temp_20260512_200439.csv
Loaded: legit_temp_20260512_200549.csv
Loaded: CHEAT#venus4sphw_Zahdhd6_20260317-180746.csv
Loaded: legit_temp_20260512_195157.csv
Loaded: legit_temp_20260512_200617.csv
Loaded: legit_temp_20260512_195155.csv
Loaded: legit_temp_20260512_200442.csv
Loaded: LEGIT#l3_Zahdhd6_20260317-105937.csv
Loaded: legit_temp_20260512_200443.csv
Loaded: legit_temp_20260512_195535.csv
Loaded: legit_temp_20260512_195703.csv
Loaded: legit_temp_20260512_195601.csv
Loaded: legit_temp_20260512_195522.csv
Loaded: legit_temp_20260512_195504.csv
Loaded: CHEAT#HarukaRezkaya_Zahdhd6_20260331-141817.csv
Loaded: legit_temp_20260512_195201.csv
Loaded: legit_temp_20260512_200459.csv
Loaded: legit_temp_20260512_200507.csv
Loaded: legit_temp_20260512_200522.csv
Loaded: legit_temp_20260512_195604.csv
Loaded: legit_temp_20260512_195609.csv
Loaded: legit_temp_20260512_195635.csv
Loaded: CHEAT#HarukaNeiroNazar_Zahdhd6_20260331-135715.csv
Loaded: legit_temp_20260512_200540.csv
Loaded: legit_temp_20260512_195528.csv
Loaded: legit_temp_20260512_200554.csv
Loaded: legit_temp_20260512_200604.csv
Loaded: legit_temp_20260512_195531.csv
Loaded: legit_temp_20260512_195612.csv
Loaded: CHEAT#meteoronhit_Zahdhd6_20260401-101639.csv
Loaded: legit_temp_20260512_195643.csv
Loaded: CHEAT#venus_Zahdhd6_20260315-104424.csv
/workspaces/codespaces-blank/app/main.py:64: UserWarning: Creating a tensor from a list of numpy.ndarrays is extremely slow. Please consider converting the list to a single numpy.ndarray with numpy.array() before converting to a tensor. (Triggered internally at ../torch/csrc/utils/tensor_new.cpp:274.)
  self.sequences = torch.FloatTensor(sequences)
Loaded: legit_temp_20260512_200538.csv
Loaded: legit_temp_20260512_200516.csv
Loaded: CHEAT#venusPolarTest_Zahdhd6_20260327-195615.csv
Loaded: legit_temp_20260512_200517.csv
Loaded: legit_temp_20260512_195710.csv
Loaded: legit_temp_20260512_195456.csv
Loaded: legit_temp_20260512_200551.csv
Loaded: legit_temp_20260512_200509.csv
Loaded: legit_temp_20260512_200537.csv
Loaded: legit_temp_20260512_195659.csv
Loaded: legit_temp_20260512_200513.csv
Loaded: legit_temp_20260512_200440.csv
Loaded: legit_temp_20260512_200504.csv
Loaded: legit_temp_20260512_200600.csv
Loaded: legit_temp_20260512_195517.csv
Loaded: legit_temp_20260512_195623.csv
Loaded: legit_temp_20260512_200506.csv
Loaded: legit_temp_20260512_195625.csv
Loaded: legit_temp_20260512_195534.csv
Loaded: legit_temp_20260512_195649.csv
Loaded: legit_temp_20260512_195519.csv
Loaded: legit_temp_20260512_200533.csv
Loaded: LEGIT#l16_Denis_Popa_20260330-141203.csv
Loaded: legit_temp_20260512_195603.csv
Loaded: legit_temp_20260512_200558.csv
Loaded: legit_temp_20260512_200436.csv
Loaded: legit_temp_20260512_200613.csv
Loaded: LEGIT#l10_Zahdhd6_20260328-093712.csv
Loaded: CHEAT#NightDLCFuntime_Zahdhd6_20260328-080954.csv
Loaded: LEGIT#l25_kill0001_20260330-211835.csv
Loaded: legit_temp_20260512_195617.csv
Loaded: legit_temp_20260512_200611.csv
Loaded: legit_temp_20260512_195652.csv
Loaded: legit_temp_20260512_195547.csv
Loaded: LEGIT#l18_Denis_Popa_20260330-161451.csv
Loaded: legit_temp_20260512_200514.csv
Loaded: LEGIT#l21_kik4347_20260330-190347.csv
Loaded: legit_temp_20260512_200536.csv
Loaded: legit_temp_20260512_195507.csv
Loaded: legit_temp_20260512_195530.csv
Loaded: LEGIT#l4_Zahdhd6_20260318-081940.csv
Loaded: legit_temp_20260512_195508.csv
Loaded: legit_temp_20260512_195159.csv
Loaded: CHEAT#harukaFuntime_Zahdhd6_20260327-155830.csv
Loaded: legit_temp_20260512_195702.csv
Loaded: legit_temp_20260512_195544.csv
Loaded: legit_temp_20260512_200527.csv
Loaded: CHEAT#NightDLCsnap_Zahdhd6_20260328-075406.csv
Loaded: legit_temp_20260512_200452.csv
Loaded: legit_temp_20260512_200434.csv
Loaded: CHEAT#venusSpookyTime-HolyWorld_Zahdhd6_20260327-171844.csv
Loaded: legit_temp_20260512_200557.csv
Loaded: legit_temp_20260512_200518.csv
Loaded: legit_temp_20260512_195613.csv
Loaded: LEGIT#l5_Zahdhd6_20260318-172041.csv
Loaded: legit_temp_20260512_200446.csv
Loaded: legit_temp_20260512_195540.csv
Loaded: legit_temp_20260512_200543.csv
Loaded: LEGIT#l14_Zahdhd6_20260330-083046.csv
Loaded: legit_temp_20260512_200603.csv
Loaded: CHEAT#HarukaNeiroHomyak_Zahdhd6_20260331-140122.csv
Loaded: LEGIT#l13_Zahdhd6_20260330-075141.csv
Loaded: legit_temp_20260512_200451.csv
Loaded: legit_temp_20260512_200437.csv
Loaded: legit_temp_20260512_200541.csv
Loaded: CHEAT#venusSpookytime-HolyWorld_Zahdhd6_20260402-123600.csv
Loaded: legit_temp_20260512_195558.csv
Loaded: legit_temp_20260512_200534.csv
Loaded: legit_temp_20260512_195610.csv
Loaded: legit_temp_20260512_195514.csv
Loaded: LEGIT#l11_Zahdhd6_20260328-112714.csv
Loaded: legit_temp_20260512_195634.csv
Loaded: legit_temp_20260512_195552.csv
Loaded: legit_temp_20260512_195509.csv
Loaded: legit_temp_20260512_195526.csv
Loaded: legit_temp_20260512_200556.csv
Loaded: legit_temp_20260512_195156.csv
Loaded: LEGIT#l10_Zahdhd6_20260328-095143.csv
Loaded: LEGIT#l18_Zahdhd6_20260330-161501.csv
Loaded: LEGIT#l13_Zahdhd6_20260330-075624.csv
Loaded: legit_temp_20260512_195636.csv
Loaded: legit_temp_20260512_200455.csv
Loaded: CHEAT#venusReallyWorld_Zahdhd6_20260327-174006.csv
Loaded: legit_temp_20260512_195524.csv
Loaded: legit_temp_20260512_200520.csv
Loaded: legit_temp_20260512_195556.csv
Loaded: legit_temp_20260512_195553.csv
Loaded: LEGIT#l20_Zahdhd6_20260330-185843.csv
Loaded: legit_temp_20260512_195452.csv
Loaded: legit_temp_20260512_195640.csv
Loaded: legit_temp_20260512_195602.csv
Loaded: legit_temp_20260512_200535.csv
Loaded: legit_temp_20260512_200553.csv
Loaded: legit_temp_20260512_200528.csv
Loaded: legit_temp_20260512_195656.csv
Loaded: legit_temp_20260512_195647.csv
Loaded: legit_temp_20260512_200547.csv
Loaded: legit_temp_20260512_195619.csv
Loaded: legit_temp_20260512_195621.csv
Loaded: legit_temp_20260512_195551.csv
Loaded: legit_temp_20260512_195501.csv
Loaded: legit_temp_20260512_195539.csv
Loaded: legit_temp_20260512_200602.csv
Loaded: LEGIT#l2_Zahdhd6_20260316-193206.csv
Loaded: legit_temp_20260512_195607.csv
Loaded: CHEAT#harukaHolyworld_Zahdhd6_20260327-154018.csv
Loaded: LEGIT#l13_Zahdhd6_20260330-075353.csv
Loaded: legit_temp_20260512_200458.csv
Loaded: LEGIT#l18_Zahdhd6_20260330-155852.csv
Loaded: legit_temp_20260512_200606.csv
Loaded: legit_temp_20260512_195538.csv
Loaded: LEGIT#l13_Zahdhd6_20260330-075436.csv
Loaded: legit_temp_20260512_195654.csv
Loaded: LEGIT#l40_gertyu122_20260406-161132.csv
Loaded: legit_temp_20260512_200550.csv
Loaded: CHEAT#SpookyTime-HolyWorld_Zahdhd6_20260330-162814.csv
Loaded: legit_temp_20260512_195541.csv
Loaded: legit_temp_20260512_195523.csv
Loaded: legit_temp_20260512_195151.csv
Loaded: legit_temp_20260512_195153.csv
Loaded: legit_temp_20260512_195546.csv
Loaded: legit_temp_20260512_195657.csv
Loaded: legit_temp_20260512_195557.csv
Loaded: legit_temp_20260512_200512.csv
Loaded: legit_temp_20260512_195620.csv
Loaded: legit_temp_20260512_195521.csv
Loaded: legit_temp_20260512_195633.csv
Loaded: LEGIT#l26_kill0001_20260330-212801.csv
Loaded: LEGIT#l1_Zahdhd6_20260315-104837.csv
Loaded: CHEAT#celestialmatrixsnap_xQen3Ly_20260401-110857.csv
Loaded: legit_temp_20260512_195204.csv
Loaded: legit_temp_20260512_200450.csv
Loaded: CHEAT#NigthDLCReallyWorld_Zahdhd6_20260328-082649.csv
Loaded: LEGIT#l11_Zahdhd6_20260328-113652.csv
Loaded: legit_temp_20260512_200559.csv
Loaded: legit_temp_20260512_195651.csv
Loaded: legit_temp_20260512_200605.csv
Loaded: CHEAT#HarukaPlavnaya_Zahdhd6_20260331-140350.csv
Loaded: legit_temp_20260512_195708.csv
Loaded: legit_temp_20260512_195618.csv
Loaded: legit_temp_20260512_195152.csv
Loaded: legit_temp_20260512_200511.csv
Loaded: legit_temp_20260512_200525.csv
Loaded: legit_temp_20260512_195641.csv
Loaded: legit_temp_20260512_195205.csv
Loaded: legit_temp_20260512_195518.csv
Loaded: legit_temp_20260512_195648.csv
Loaded: legit_temp_20260512_195520.csv

Total sequences created: 229722
Skipped files: 0
Epoch 1/10, Train Loss: 0.1026, Val Loss: 0.0418
Epoch 2/10, Train Loss: 0.0351, Val Loss: 0.0442
Epoch 3/10, Train Loss: 0.0210, Val Loss: 0.0196
Epoch 4/10, Train Loss: 0.0152, Val Loss: 0.0151
Epoch 5/10, Train Loss: 0.0119, Val Loss: 0.0147
Epoch 6/10, Train Loss: 0.0099, Val Loss: 0.0136
Epoch 7/10, Train Loss: 0.0082, Val Loss: 0.0105
Epoch 8/10, Train Loss: 0.0070, Val Loss: 0.0139
Epoch 9/10, Train Loss: 0.0056, Val Loss: 0.0099
Epoch 10/10, Train Loss: 0.0050, Val Loss: 0.0114
Model and scaler saved.
