2026-05-12 16:21:24,968 [INFO] Model and scaler loaded from model.pth and scaler.pkl
Loaded: legit_temp_20260512_200502.csv
Loaded: legit_temp_20260512_195542.csv
Loaded: legit_temp_20260512_195650.csv
Loaded: legit_temp_20260512_200444.csv
Loaded: legit_temp_20260512_195454.csv
Loaded: legit_temp_20260512_195629.csv
Loaded: legit_temp_20260512_195158.csv
Loaded: legit_temp_20260512_195606.csv
Loaded: LEGIT#l13_Zahdhd6_20260330-075753.csv
Loaded: legit_temp_20260512_195510.csv
Loaded: legit_temp_20260512_200435.csv
Loaded: legit_temp_20260512_195516.csv
Loaded: legit_temp_20260512_195555.csv
Loaded: legit_temp_20260512_200555.csv
Loaded: CHEAT#venusadvence_Zahdhd6_20260327-133548.csv
Loaded: legit_temp_20260512_200609.csv
Loaded: legit_temp_20260512_195513.csv
Loaded: legit_temp_20260512_200544.csv
Loaded: legit_temp_20260512_195611.csv
Loaded: legit_temp_20260512_200614.csv
Loaded: legit_temp_20260512_195459.csv
Loaded: legit_temp_20260512_195637.csv
Loaded: legit_temp_20260512_195705.csv
Loaded: CHEAT#venus5_Zahdhd6_20260317-184931.csv
Loaded: legit_temp_20260512_195506.csv
Loaded: legit_temp_20260512_195626.csv
Loaded: legit_temp_20260512_195500.csv
Loaded: legit_temp_20260512_195608.csv
Loaded: LEGIT#l22_Zahdhd6_20260331-103527.csv
Loaded: legit_temp_20260512_195457.csv
Loaded: legit_temp_20260512_195533.csv
Loaded: legit_temp_20260512_195202.csv
Loaded: legit_temp_20260512_195453.csv
Loaded: legit_temp_20260512_200552.csv
Loaded: legit_temp_20260512_200449.csv
Loaded: legit_temp_20260512_200542.csv
Loaded: legit_temp_20260512_200515.csv
Loaded: LEGIT#l14_Zahdhd6_20260330-091334.csv
Loaded: legit_temp_20260512_200456.csv
Loaded: legit_temp_20260512_200501.csv
Loaded: legit_temp_20260512_195706.csv
Loaded: legit_temp_20260512_200607.csv
Loaded: legit_temp_20260512_200448.csv
Loaded: legit_temp_20260512_195536.csv
Loaded: legit_temp_20260512_200503.csv
Loaded: legit_temp_20260512_195458.csv
Loaded: LEGITl1_Zahdhd6_20260315-104837.csv
Loaded: legit_temp_20260512_200529.csv
Loaded: legit_temp_20260512_200615.csv
Loaded: legit_temp_20260512_195203.csv
Loaded: legit_temp_20260512_200539.csv
Loaded: legit_temp_20260512_195525.csv
Loaded: LEGIT#l40_Zahdhd6_20260406-161137.csv
Loaded: legit_temp_20260512_200431.csv
Loaded: LEGIT#40l_gertyu122_20260406-153615.csv
Loaded: legit_temp_20260512_195548.csv
Loaded: CHEAT#HarukaNeiroSpark_Zahdhd6_20260331-140057.csv
Loaded: legit_temp_20260512_200500.csv
Loaded: legit_temp_20260512_195554.csv
Loaded: CHEAT#venusSpookyTime_Zahdhd6_20260331-111327.csv
Loaded: legit_temp_20260512_200610.csv
Loaded: legit_temp_20260512_200548.csv
Loaded: legit_temp_20260512_195644.csv
Loaded: legit_temp_20260512_195600.csv
Loaded: legit_temp_20260512_195512.csv
Loaded: LEGIT#l13_Zahdhd6_20260330-075911.csv
Loaded: legit_temp_20260512_195537.csv
Loaded: legit_temp_20260512_195502.csv
Loaded: legit_temp_20260512_200523.csv
Loaded: legit_temp_20260512_195455.csv
Loaded: legit_temp_20260512_195645.csv
Loaded: legit_temp_20260512_195616.csv
Loaded: legit_temp_20260512_200441.csv
Loaded: legit_temp_20260512_195646.csv
Loaded: legit_temp_20260512_200457.csv
Loaded: legit_temp_20260512_195605.csv
Loaded: LEGIT#l11_Zahdhd6_20260328-181655.csv
Loaded: legit_temp_20260512_195200.csv
Loaded: legit_temp_20260512_195700.csv
Loaded: legit_temp_20260512_200445.csv
Loaded: LEGIT#l16_gertyu122_20260330-140505.csv
Loaded: legit_temp_20260512_200530.csv
Loaded: legit_temp_20260512_195709.csv
Loaded: legit_temp_20260512_200532.csv
Loaded: legit_temp_20260512_200454.csv
Loaded: legit_temp_20260512_200524.csv
Loaded: CHEAT#venusSpookyTime_Zahdhd6_20260331-110643.csv
Loaded: legit_temp_20260512_195615.csv
Loaded: legit_temp_20260512_200608.csv
Loaded: LEGIT#l12_Zahdhd6_20260329-222920.csv
Loaded: LEGIT#legit_Zahdhd6_20260331-110300.csv
Loaded: legit_temp_20260512_195653.csv
Loaded: legit_temp_20260512_200433.csv
Loaded: CHEAT#venusSpookyTime-HolyWorld_Zahdhd6_20260401-092407.csv
Loaded: LEGIT#l23_kill0001_20260330-202218.csv
Loaded: legit_temp_20260512_195628.csv
Loaded: legit_temp_20260512_195529.csv
Loaded: LEGIT#l11_Zahdhd6_20260328-110909.csv
Loaded: legit_temp_20260512_200432.csv
Loaded: LEGIT#l25_Zahdhd6_20260330-211840.csv
Loaded: legit_temp_20260512_195614.csv
Loaded: CHEAT#venus3_Zahdhd6_20260317-112254.csv
Loaded: legit_temp_20260512_195701.csv
Loaded: legit_temp_20260512_200505.csv
Loaded: legit_temp_20260512_200510.csv
Loaded: CHEAT#venus2_Zahdhd6_20260316-195433.csv
Loaded: legit_temp_20260512_195549.csv
Loaded: legit_temp_20260512_195550.csv
Loaded: CHEAT#venusFuntime_Zahdhd6_20260327-191003.csv
Loaded: CHEAT#harukaspookytime_Zahdhd6_20260327-152304.csv
Loaded: legit_temp_20260512_200531.csv
Loaded: LEGIT#l17_Denis_Popa_20260330-155832.csv
Loaded: legit_temp_20260512_200447.csv
Loaded: CHEAT#venusSpookytime-HolyWorld_Zahdhd6_20260330-163324.csv
Loaded: legit_temp_20260512_200616.csv
Loaded: legit_temp_20260512_200519.csv
Loaded: LEGIT#l24_kill0001_20260330-202632.csv
Loaded: legit_temp_20260512_195532.csv
Loaded: legit_temp_20260512_200521.csv
Loaded: legit_temp_20260512_195559.csv
Loaded: legit_temp_20260512_195627.csv
Loaded: legit_temp_20260512_195631.csv
Loaded: LEGIT#l15_Zahdhd6_20260330-140348.csv
Loaded: legit_temp_20260512_195704.csv
Loaded: legit_temp_20260512_195639.csv
Loaded: legit_temp_20260512_195642.csv
Loaded: legit_temp_20260512_195511.csv
Loaded: legit_temp_20260512_195632.csv
Loaded: LEGIT#l11_Zahdhd6_20260328-110958.csv
Loaded: legit_temp_20260512_200453.csv
Loaded: LEGIT#l20_Zahdhd6_20260330-184510.csv
Loaded: legit_temp_20260512_195707.csv
Loaded: legit_temp_20260512_195658.csv
Loaded: CHEAT#venusSpookyTime_Zahdhd6_20260331-111817.csv
Loaded: legit_temp_20260512_195545.csv
Loaded: legit_temp_20260512_200601.csv
Loaded: LEGIT#40l_Mi333_20260406-153621.csv
Loaded: CHEAT#HarukaHollyWorld_Zahdhd6_20260331-142001.csv
Loaded: legit_temp_20260512_195543.csv
Loaded: legit_temp_20260512_200526.csv
Loaded: LEGIT#l5_Zahdhd6_20260318-172819.csv
Loaded: legit_temp_20260512_195638.csv
Loaded: CHEAT#celestialmatrix_xQen3Ly_20260401-103917.csv
Loaded: legit_temp_20260512_195515.csv
Loaded: legit_temp_20260512_195527.csv
Loaded: legit_temp_20260512_200508.csv
Loaded: LEGIT#l17_gertyu122_20260330-155842.csv
Loaded: LEGIT#l13_Zahdhd6_20260330-074226.csv
Loaded: CHEAT#NightDLCSloth_Zahdhd6_20260328-084605.csv
Loaded: legit_temp_20260512_200546.csv
Loaded: legit_temp_20260512_195505.csv
Loaded: legit_temp_20260512_195154.csv
Loaded: legit_temp_20260512_195622.csv
Loaded: CHEAT#HarukaNeirocrime_Zahdhd6_20260331-134916.csv
Loaded: legit_temp_20260512_195624.csv
Loaded: legit_temp_20260512_200438.csv
Loaded: legit_temp_20260512_200545.csv
Loaded: legit_temp_20260512_195630.csv
Loaded: legit_temp_20260512_195451.csv
Loaded: legit_temp_20260512_195503.csv
Loaded: legit_temp_20260512_200612.csv
Loaded: legit_temp_20260512_195655.csv
Loaded: CHEAT#Nursultancrack_Zahdhd6_20260410-163100.csv
Loaded: legit_temp_20260512_200439.csv
Loaded: legit_temp_20260512_200549.csv
Loaded: CHEAT#venus4sphw_Zahdhd6_20260317-180746.csv
Loaded: legit_temp_20260512_195157.csv
Loaded: legit_temp_20260512_200617.csv
Loaded: legit_temp_20260512_195155.csv
Loaded: legit_temp_20260512_200442.csv
Loaded: LEGIT#l3_Zahdhd6_20260317-105937.csv
Loaded: legit_temp_20260512_200443.csv
Loaded: legit_temp_20260512_195535.csv
Loaded: legit_temp_20260512_195703.csv
Loaded: legit_temp_20260512_195601.csv
Loaded: legit_temp_20260512_195522.csv
Loaded: legit_temp_20260512_195504.csv
Loaded: CHEAT#HarukaRezkaya_Zahdhd6_20260331-141817.csv
Loaded: legit_temp_20260512_195201.csv
Loaded: legit_temp_20260512_200459.csv
Loaded: legit_temp_20260512_200507.csv
Loaded: legit_temp_20260512_200522.csv
Loaded: legit_temp_20260512_195604.csv
Loaded: legit_temp_20260512_195609.csv
Loaded: legit_temp_20260512_195635.csv
Loaded: CHEAT#HarukaNeiroNazar_Zahdhd6_20260331-135715.csv
Loaded: legit_temp_20260512_200540.csv
Loaded: legit_temp_20260512_195528.csv
Loaded: legit_temp_20260512_200554.csv
Loaded: legit_temp_20260512_200604.csv
Loaded: legit_temp_20260512_195531.csv
Loaded: legit_temp_20260512_195612.csv
Loaded: CHEAT#meteoronhit_Zahdhd6_20260401-101639.csv
Loaded: legit_temp_20260512_195643.csv
Loaded: CHEAT#venus_Zahdhd6_20260315-104424.csv
Loaded: legit_temp_20260512_200538.csv/app/app/main.py:64: UserWarning: Creating a tensor from a list of numpy.ndarrays is extremely slow. Please consider converting the list to a single numpy.ndarray with numpy.array() before converting to a tensor. (Triggered internally at ../torch/csrc/utils/tensor_new.cpp:274.)
  self.sequences = torch.FloatTensor(sequences)
