2026-05-13 04:52:03,405 [INFO] Model and scaler loaded from model.pth and scaler.pkl
Loaded: legit_temp_20260512_200502.csv
Loaded: legit_temp_20260512_195542.csv
Loaded: legit_temp_20260512_195650.csv
Loaded: legit_temp_20260512_200444.csv
Loaded: legit_20260513_084359.csv
Loaded: legit_temp_20260512_195454.csv
Loaded: legit_20260513_084039.csv
Loaded: legit_temp_20260512_195629.csv
Loaded: legit_20260513_084406.csv
Loaded: legit_temp_20260512_195158.csv
Loaded: legit_temp_20260512_195606.csv
Loaded: legit_20260513_084525.csv
Loaded: LEGIT#l13_Zahdhd6_20260330-075753.csv
Loaded: legit_temp_20260512_195510.csv
Loaded: legit_temp_20260512_200435.csv
Loaded: legit_20260513_084332.csv
Loaded: legit_temp_20260512_195516.csv
Loaded: legit_20260513_084648.csv
Loaded: legit_temp_20260512_195555.csv
Loaded: legit_temp_20260512_200555.csv
Loaded: legit_20260513_084645.csv
Loaded: CHEAT#venusadvence_Zahdhd6_20260327-133548.csv
Loaded: legit_temp_20260512_200609.csv
Loaded: legit_temp_20260512_195513.csv
Loaded: legit_20260513_084555.csv
Loaded: legit_temp_20260512_200544.csv
Loaded: legit_20260513_084415.csv
Loaded: legit_temp_20260512_195611.csv
Loaded: legit_temp_20260512_200614.csv
Loaded: legit_temp_20260512_195459.csv
Loaded: legit_temp_20260512_195637.csv
Loaded: legit_20260513_084518.csv
Loaded: legit_temp_20260512_195705.csv
Loaded: CHEAT#venus5_Zahdhd6_20260317-184931.csv
Loaded: legit_temp_20260512_195506.csv
Loaded: legit_temp_20260512_195626.csv
Loaded: legit_temp_20260512_195500.csv
Loaded: legit_temp_20260512_195608.csv
Loaded: legit_20260513_084041.csv
Loaded: LEGIT#l22_Zahdhd6_20260331-103527.csv
Loaded: legit_20260513_084156.csv
Loaded: legit_20260513_084251.csv
Loaded: legit_temp_20260512_195457.csv
Loaded: legit_temp_20260512_195533.csv
Loaded: legit_temp_20260512_195202.csv
Loaded: legit_temp_20260512_195453.csv
Loaded: legit_temp_20260512_200552.csv
Loaded: legit_temp_20260512_200449.csv
Loaded: legit_20260513_083935.csv
Loaded: legit_20260513_084246.csv
Loaded: legit_temp_20260512_200542.csv
Loaded: legit_20260513_084050.csv
Loaded: legit_temp_20260512_200515.csv
Loaded: LEGIT#l14_Zahdhd6_20260330-091334.csv
Loaded: legit_temp_20260512_200456.csv
Loaded: legit_temp_20260512_200501.csv
Loaded: legit_temp_20260512_195706.csv
Loaded: legit_temp_20260512_200607.csv
Loaded: legit_temp_20260512_200448.csv
Loaded: legit_20260513_084521.csv
Loaded: legit_20260513_084144.csv
Loaded: legit_20260513_084505.csv
Loaded: legit_temp_20260512_195536.csv
Loaded: legit_20260513_084133.csv
Loaded: legit_temp_20260512_200503.csv
Loaded: legit_temp_20260512_195458.csv
Loaded: LEGITl1_Zahdhd6_20260315-104837.csv
Loaded: legit_temp_20260512_200529.csv
Loaded: legit_temp_20260512_200615.csv
Loaded: legit_temp_20260512_195203.csv
Loaded: legit_temp_20260512_200539.csv
Loaded: legit_20260513_084341.csv
Loaded: legit_temp_20260512_195525.csv
Loaded: LEGIT#l40_Zahdhd6_20260406-161137.csv
Loaded: legit_temp_20260512_200431.csv
Loaded: LEGIT#40l_gertyu122_20260406-153615.csv
Loaded: legit_20260513_084530.csv
Loaded: legit_temp_20260512_195548.csv
Loaded: CHEAT#HarukaNeiroSpark_Zahdhd6_20260331-140057.csv
Loaded: legit_20260513_084151.csv
Loaded: legit_20260513_084307.csv
Loaded: legit_20260513_084209.csv
Loaded: legit_temp_20260512_200500.csv
Loaded: legit_temp_20260512_195554.csv
Loaded: legit_20260513_084543.csv
Loaded: legit_20260513_084424.csv
Loaded: CHEAT#venusSpookyTime_Zahdhd6_20260331-111327.csv
Loaded: legit_20260513_084142.csv
Loaded: legit_20260513_084126.csv
Loaded: legit_temp_20260512_200610.csv
Loaded: legit_temp_20260512_200548.csv
Loaded: legit_temp_20260512_195644.csv
Loaded: legit_temp_20260512_195600.csv
Loaded: legit_temp_20260512_195512.csv
Loaded: LEGIT#l13_Zahdhd6_20260330-075911.csv
Loaded: legit_20260513_084636.csv
Loaded: legit_temp_20260512_195537.csv
Loaded: legit_20260513_084638.csv
Loaded: legit_temp_20260512_195502.csv
Loaded: legit_temp_20260512_200523.csv
Loaded: legit_20260513_084511.csv
Loaded: legit_20260513_084027.csv
Loaded: legit_20260513_084057.csv
Loaded: legit_temp_20260512_195455.csv
Loaded: legit_temp_20260512_195645.csv
Loaded: legit_20260513_083928.csv
Loaded: legit_temp_20260512_195616.csv
Loaded: legit_temp_20260512_200441.csv
Loaded: legit_temp_20260512_195646.csv
Loaded: legit_20260513_084652.csv
Loaded: legit_temp_20260512_200457.csv
Loaded: legit_temp_20260512_195605.csv
Loaded: legit_20260513_084643.csv
Loaded: legit_20260513_083946.csv
Loaded: LEGIT#l11_Zahdhd6_20260328-181655.csv
Loaded: legit_temp_20260512_195200.csv
Loaded: legit_temp_20260512_195700.csv
Loaded: legit_temp_20260512_200445.csv
Loaded: legit_20260513_084444.csv
Loaded: LEGIT#l16_gertyu122_20260330-140505.csv
Loaded: legit_20260513_084216.csv
Loaded: legit_temp_20260512_200530.csv
Loaded: legit_temp_20260512_195709.csv
Loaded: legit_temp_20260512_200532.csv
Loaded: legit_temp_20260512_200454.csv
Loaded: legit_temp_20260512_200524.csv
Loaded: CHEAT#venusSpookyTime_Zahdhd6_20260331-110643.csv
Loaded: legit_temp_20260512_195615.csv
Loaded: legit_temp_20260512_200608.csv
Loaded: LEGIT#l12_Zahdhd6_20260329-222920.csv
Loaded: legit_20260513_084426.csv
Loaded: LEGIT#legit_Zahdhd6_20260331-110300.csv
Loaded: legit_20260513_084334.csv
Loaded: legit_temp_20260512_195653.csv
Loaded: legit_temp_20260512_200433.csv
Loaded: legit_20260513_084214.csv
Loaded: CHEAT#venusSpookyTime-HolyWorld_Zahdhd6_20260401-092407.csv
Loaded: LEGIT#l23_kill0001_20260330-202218.csv
Loaded: legit_temp_20260512_195628.csv
Loaded: legit_temp_20260512_195529.csv
Loaded: LEGIT#l11_Zahdhd6_20260328-110909.csv
Loaded: legit_temp_20260512_200432.csv
Loaded: LEGIT#l25_Zahdhd6_20260330-211840.csv
Loaded: legit_temp_20260512_195614.csv
Loaded: legit_20260513_084456.csv
Loaded: CHEAT#venus3_Zahdhd6_20260317-112254.csv
Loaded: legit_20260513_084059.csv
Loaded: legit_20260513_084534.csv
Loaded: legit_temp_20260512_195701.csv
Loaded: legit_20260513_084255.csv
Loaded: legit_temp_20260512_200505.csv
Loaded: legit_temp_20260512_200510.csv
Loaded: legit_20260513_084613.csv
Loaded: CHEAT#venus2_Zahdhd6_20260316-195433.csv
Loaded: legit_temp_20260512_195549.csv
Loaded: legit_20260513_084025.csv
Loaded: legit_temp_20260512_195550.csv
Loaded: legit_20260513_084147.csv
Loaded: legit_20260513_083948.csv
Loaded: CHEAT#venusFuntime_Zahdhd6_20260327-191003.csv
Loaded: CHEAT#harukaspookytime_Zahdhd6_20260327-152304.csv
Loaded: legit_temp_20260512_200531.csv
Loaded: legit_20260513_084539.csv
Loaded: legit_20260513_084604.csv
Loaded: legit_20260513_084550.csv
Loaded: LEGIT#l17_Denis_Popa_20260330-155832.csv
Loaded: legit_temp_20260512_200447.csv
Loaded: CHEAT#venusSpookytime-HolyWorld_Zahdhd6_20260330-163324.csv
Loaded: legit_temp_20260512_200616.csv
Loaded: legit_20260513_084437.csv
Loaded: legit_temp_20260512_200519.csv
Loaded: LEGIT#l24_kill0001_20260330-202632.csv
Loaded: legit_temp_20260512_195532.csv
Loaded: legit_20260513_084237.csv
Loaded: legit_temp_20260512_200521.csv
Loaded: legit_temp_20260512_195559.csv
Loaded: legit_temp_20260512_195627.csv
Loaded: legit_temp_20260512_195631.csv
Loaded: legit_20260513_083955.csv
Loaded: LEGIT#l15_Zahdhd6_20260330-140348.csv
Loaded: legit_temp_20260512_195704.csv
Loaded: legit_temp_20260512_195639.csv
Loaded: legit_temp_20260512_195642.csv
Loaded: legit_20260513_084325.csv
Loaded: legit_temp_20260512_195511.csv
Loaded: legit_temp_20260512_195632.csv
Loaded: LEGIT#l11_Zahdhd6_20260328-110958.csv
Loaded: legit_20260513_084629.csv
Loaded: legit_temp_20260512_200453.csv
Loaded: LEGIT#l20_Zahdhd6_20260330-184510.csv
Loaded: legit_temp_20260512_195707.csv
Loaded: legit_20260513_084016.csv
Loaded: legit_temp_20260512_195658.csv
Loaded: CHEAT#venusSpookyTime_Zahdhd6_20260331-111817.csv
Loaded: legit_temp_20260512_195545.csv
Loaded: legit_20260513_084410.csv
Loaded: legit_20260513_084205.csv
Loaded: legit_temp_20260512_200601.csv
Loaded: legit_20260513_084219.csv
Loaded: LEGIT#40l_Mi333_20260406-153621.csv
Loaded: CHEAT#HarukaHollyWorld_Zahdhd6_20260331-142001.csv
Loaded: legit_temp_20260512_195543.csv
Loaded: legit_temp_20260512_200526.csv
Loaded: LEGIT#l5_Zahdhd6_20260318-172819.csv
Loaded: legit_temp_20260512_195638.csv
Loaded: legit_20260513_084502.csv
Loaded: legit_20260513_084110.csv
Loaded: CHEAT#celestialmatrix_xQen3Ly_20260401-103917.csv
Loaded: legit_temp_20260512_195515.csv
Loaded: legit_temp_20260512_195527.csv
Loaded: legit_20260513_084609.csv
Loaded: legit_temp_20260512_200508.csv
Loaded: LEGIT#l17_gertyu122_20260330-155842.csv
Loaded: LEGIT#l13_Zahdhd6_20260330-074226.csv
Loaded: CHEAT#NightDLCSloth_Zahdhd6_20260328-084605.csv
Loaded: legit_20260513_084149.csv
Loaded: legit_temp_20260512_200546.csv
Loaded: legit_temp_20260512_195505.csv
Loaded: legit_temp_20260512_195154.csv
Loaded: legit_temp_20260512_195622.csv
Loaded: CHEAT#HarukaNeirocrime_Zahdhd6_20260331-134916.csv
Loaded: legit_20260513_084117.csv
Loaded: legit_20260513_084500.csv
Loaded: legit_temp_20260512_195624.csv
Loaded: legit_20260513_084523.csv
Loaded: legit_temp_20260512_200438.csv
Loaded: legit_20260513_084433.csv
Loaded: legit_temp_20260512_200545.csv
Loaded: legit_temp_20260512_195630.csv
Loaded: legit_20260513_084440.csv
Loaded: legit_20260513_084002.csv
Loaded: legit_temp_20260512_195451.csv
Loaded: legit_temp_20260512_195503.csv
Loaded: legit_temp_20260512_200612.csv
Loaded: legit_20260513_084225.csv
Loaded: legit_20260513_084624.csv
Loaded: legit_temp_20260512_195655.csv
Loaded: legit_20260513_084641.csv
Loaded: CHEAT#Nursultancrack_Zahdhd6_20260410-163100.csv
Loaded: legit_20260513_084241.csv
Loaded: legit_temp_20260512_200439.csv
Loaded: legit_temp_20260512_200549.csv
Loaded: CHEAT#venus4sphw_Zahdhd6_20260317-180746.csv
Loaded: legit_20260513_084430.csv
Loaded: legit_temp_20260512_195157.csv
Loaded: legit_temp_20260512_200617.csv
Loaded: legit_20260513_084327.csv
Loaded: legit_temp_20260512_195155.csv
Loaded: legit_temp_20260512_200442.csv
Loaded: LEGIT#l3_Zahdhd6_20260317-105937.csv
Loaded: legit_temp_20260512_200443.csv
Loaded: legit_20260513_084129.csv
Loaded: legit_temp_20260512_195535.csv
Loaded: legit_20260513_084618.csv
Loaded: legit_temp_20260512_195703.csv
Loaded: legit_temp_20260512_195601.csv
Loaded: legit_temp_20260512_195522.csv
Loaded: legit_20260513_084509.csv
Loaded: legit_temp_20260512_195504.csv
Loaded: CHEAT#HarukaRezkaya_Zahdhd6_20260331-141817.csv
Loaded: legit_temp_20260512_195201.csv
Loaded: legit_temp_20260512_200459.csv
Loaded: legit_temp_20260512_200507.csv
Loaded: legit_temp_20260512_200522.csv
Loaded: legit_temp_20260512_195604.csv
Loaded: legit_temp_20260512_195609.csv
Loaded: legit_temp_20260512_195635.csv
Loaded: legit_20260513_084257.csv
Loaded: CHEAT#HarukaNeiroNazar_Zahdhd6_20260331-135715.csv
Loaded: legit_20260513_084113.csv
Loaded: legit_temp_20260512_200540.csv
Loaded: legit_temp_20260512_195528.csv
Loaded: legit_temp_20260512_200554.csv
Loaded: legit_20260513_084138.csv
Loaded: legit_temp_20260512_200604.csv
Loaded: legit_temp_20260512_195531.csv
Loaded: legit_20260513_084611.csv
Loaded: legit_20260513_084154.csv
Loaded: legit_20260513_084014.csv
Loaded: legit_temp_20260512_195612.csv
Loaded: CHEAT#meteoronhit_Zahdhd6_20260401-101639.csv
Loaded: legit_20260513_084124.csv
Loaded: legit_20260513_084034.csv
Loaded: legit_temp_20260512_195643.csv
Loaded: CHEAT#venus_Zahdhd6_20260315-104424.csv
Loaded: legit_20260513_083926.csv
Loaded: legit_temp_20260512_200538.csv
Loaded: legit_temp_20260512_200516.csv
Loaded: legit_20260513_084602.csv
Loaded: CHEAT#venusPolarTest_Zahdhd6_20260327-195615.csv
Loaded: legit_20260513_084622.csv
Loaded: legit_20260513_084627.csv
Loaded: legit_temp_20260512_200517.csv
Loaded: legit_temp_20260512_195710.csv
Loaded: legit_20260513_084045.csv
Loaded: legit_temp_20260512_195456.csv
Loaded: legit_20260513_084350.csv
Loaded: legit_temp_20260512_200551.csv
Loaded: legit_20260513_084559.csv
Loaded: legit_20260513_084449.csv
Loaded: legit_temp_20260512_200509.csv
Loaded: legit_20260513_084104.csv
Loaded: legit_temp_20260512_200537.csv
Loaded: legit_temp_20260512_195659.csv
Loaded: legit_temp_20260512_200513.csv
Loaded: legit_temp_20260512_200440.csv
Loaded: legit_20260513_084557.csv
Loaded: legit_temp_20260512_200504.csv
Loaded: legit_temp_20260512_200600.csv
Loaded: legit_temp_20260512_195517.csv
Loaded: legit_temp_20260512_195623.csv
Loaded: legit_20260513_084507.csv
Loaded: legit_20260513_084412.csv
Loaded: legit_temp_20260512_200506.csv
Loaded: legit_temp_20260512_195625.csv
Loaded: legit_temp_20260512_195534.csv
Loaded: legit_temp_20260512_195649.csv
Loaded: legit_temp_20260512_195519.csv
Loaded: legit_temp_20260512_200533.csv
Loaded: LEGIT#l16_Denis_Popa_20260330-141203.csv
Loaded: legit_temp_20260512_195603.csv
Loaded: legit_temp_20260512_200558.csv
Loaded: legit_20260513_084322.csv
Loaded: legit_20260513_084048.csv
Loaded: legit_temp_20260512_200436.csv
Loaded: legit_temp_20260512_200613.csv
Loaded: legit_20260513_084446.csv
Loaded: LEGIT#l10_Zahdhd6_20260328-093712.csv
Loaded: legit_20260513_084055.csv
Loaded: legit_20260513_084115.csv
Loaded: CHEAT#NightDLCFuntime_Zahdhd6_20260328-080954.csv
Loaded: legit_20260513_084228.csv
Loaded: LEGIT#l25_kill0001_20260330-211835.csv
Loaded: legit_temp_20260512_195617.csv
Loaded: legit_20260513_084620.csv
Loaded: legit_20260513_084442.csv
Loaded: legit_temp_20260512_200611.csv
Loaded: legit_temp_20260512_195652.csv
Loaded: legit_temp_20260512_195547.csv
Loaded: legit_20260513_084032.csv
Loaded: LEGIT#l18_Denis_Popa_20260330-161451.csv
Loaded: legit_20260513_083941.csv
Loaded: legit_temp_20260512_200514.csv
Loaded: legit_20260513_084516.csv
Loaded: legit_20260513_084514.csv
Loaded: legit_20260513_084244.csv
Loaded: LEGIT#l21_kik4347_20260330-190347.csv
Loaded: legit_temp_20260512_200536.csv
Loaded: legit_temp_20260512_195507.csv
Loaded: legit_temp_20260512_195530.csv
Loaded: LEGIT#l4_Zahdhd6_20260318-081940.csv
Loaded: legit_temp_20260512_195508.csv
Loaded: legit_20260513_084311.csv
Loaded: legit_20260513_084023.csv
Loaded: legit_20260513_084108.csv
Loaded: legit_temp_20260512_195159.csv
Loaded: CHEAT#harukaFuntime_Zahdhd6_20260327-155830.csv
Loaded: legit_temp_20260512_195702.csv
Loaded: legit_temp_20260512_195544.csv
Loaded: legit_temp_20260512_200527.csv
Loaded: CHEAT#NightDLCsnap_Zahdhd6_20260328-075406.csv
Loaded: legit_20260513_084401.csv
Loaded: legit_20260513_083944.csv
Loaded: legit_20260513_084313.csv
Loaded: legit_temp_20260512_200452.csv
Loaded: legit_20260513_084230.csv
Loaded: legit_temp_20260512_200434.csv
Loaded: legit_20260513_084018.csv
Loaded: legit_20260513_084309.csv
Loaded: CHEAT#venusSpookyTime-HolyWorld_Zahdhd6_20260327-171844.csv
Loaded: legit_20260513_084553.csv
Loaded: legit_20260513_084248.csv
Loaded: legit_20260513_084421.csv
Loaded: legit_temp_20260512_200557.csv
Loaded: legit_temp_20260512_200518.csv
Loaded: legit_20260513_084343.csv
Loaded: legit_20260513_084354.csv
Loaded: legit_20260513_084300.csv
Loaded: legit_20260513_084451.csv
Loaded: legit_temp_20260512_195613.csv
Loaded: LEGIT#l5_Zahdhd6_20260318-172041.csv
Loaded: legit_20260513_084318.csv
Loaded: legit_20260513_084347.csv
Loaded: legit_temp_20260512_200446.csv
Loaded: legit_20260513_084345.csv
Loaded: legit_temp_20260512_195540.csv
Loaded: legit_temp_20260512_200543.csv
Loaded: LEGIT#l14_Zahdhd6_20260330-083046.csv
Loaded: legit_temp_20260512_200603.csv
Loaded: legit_20260513_084131.csv
Loaded: legit_20260513_084036.csv
Loaded: legit_20260513_084428.csv
Loaded: CHEAT#HarukaNeiroHomyak_Zahdhd6_20260331-140122.csv
Loaded: legit_20260513_084453.csv
Loaded: legit_20260513_084052.csv
Loaded: LEGIT#l13_Zahdhd6_20260330-075141.csv
Loaded: legit_20260513_084419.csv
Loaded: legit_temp_20260512_200451.csv
Loaded: legit_temp_20260512_200437.csv
Loaded: legit_20260513_084338.csv
Loaded: legit_temp_20260512_200541.csv
Loaded: CHEAT#venusSpookytime-HolyWorld_Zahdhd6_20260402-123600.csv
Loaded: legit_20260513_084000.csv
Loaded: legit_20260513_083958.csv
Loaded: legit_20260513_084329.csv
Loaded: legit_20260513_084221.csv
Loaded: legit_temp_20260512_195558.csv
Loaded: legit_20260513_084356.csv
Loaded: legit_temp_20260512_200534.csv
Loaded: legit_temp_20260512_195610.csv
Loaded: legit_temp_20260512_195514.csv
Loaded: LEGIT#l11_Zahdhd6_20260328-112714.csv
Loaded: legit_temp_20260512_195634.csv
Loaded: legit_temp_20260512_195552.csv
Loaded: legit_20260513_084135.csv
Loaded: legit_temp_20260512_195509.csv
Loaded: legit_20260513_083919.csv
Loaded: legit_20260513_084203.csv
Loaded: legit_20260513_084458.csv
Loaded: legit_temp_20260512_195526.csv